<?xml version="1.0" encoding="utf-8"?><testsuites name="pytest tests"><testsuite name="pytest" errors="0" failures="0" skipped="0" tests="6" time="1.403" timestamp="2026-08-28T16:43:20.885586+00:00" hostname="agent-env-46b7e5ff-bded-4991-8144-4f8982d0530e"><testcase classname="tests.test_iter47_cards_and_stats.TestTournaments" name="test_list_tournaments" time="0.681" /><testcase classname="tests.test_iter47_cards_and_stats.TestMatchesCards" name="test_list_matches" time="0.097" /><testcase classname="tests.test_iter47_cards_and_stats.TestMatchesCards" name="test_players_filtered_by_team" time="0.080" /><testcase classname="tests.test_iter47_cards_and_stats.TestMatchesCards" name="test_cards_persisted_player_and_staff" time="0.114" /><testcase classname="tests.test_iter47_cards_and_stats.TestMatchesCards" name="test_result_update_roundtrip" time="0.281" /><testcase classname="tests.test_iter47_cards_and_stats.TestHomeSettingsStats" name="test_estadisticas_shape" time="0.073" /></testsuite></testsuites>