<?xml version="1.0" encoding="utf-8"?><testsuites name="pytest tests"><testsuite name="pytest" errors="0" failures="0" skipped="0" tests="6" time="1.572" timestamp="2026-06-01T22:40:10.776396+00:00" hostname="agent-env-46b7e5ff-bded-4991-8144-4f8982d0530e"><testcase classname="backend.tests.test_iter24_multi_events_lodgings" name="test_calculate_multi_events_sums_registration" time="0.443" /><testcase classname="backend.tests.test_iter24_multi_events_lodgings" name="test_calculate_multi_lodgings_sums_subtotals" time="0.119" /><testcase classname="backend.tests.test_iter24_multi_events_lodgings" name="test_calculate_combined_events_and_lodgings" time="0.108" /><testcase classname="backend.tests.test_iter24_multi_events_lodgings" name="test_calculate_legacy_lodging_tier_still_works" time="0.111" /><testcase classname="backend.tests.test_iter24_multi_events_lodgings" name="test_calculate_legacy_categories_still_works" time="0.113" /><testcase classname="backend.tests.test_iter24_multi_events_lodgings" name="test_create_quote_with_arrays_persists" time="0.595" /></testsuite></testsuites>