<?xml version="1.0" encoding="utf-8"?><testsuites name="pytest tests"><testsuite name="pytest" errors="0" failures="0" skipped="0" tests="20" time="6.097" timestamp="2026-05-20T19:11:11.238324+00:00" hostname="agent-env-46b7e5ff-bded-4991-8144-4f8982d0530e"><testcase classname="backend.tests.test_iter12_tanda_d.TestTieBreakerFP" name="test_fp_is_first_tiebreaker_above_gd" time="1.773" /><testcase classname="backend.tests.test_iter12_tanda_d.TestTournaments" name="test_get_archived_filter" time="0.231" /><testcase classname="backend.tests.test_iter12_tanda_d.TestTournaments" name="test_post_extended_fields" time="0.081" /><testcase classname="backend.tests.test_iter12_tanda_d.TestTournaments" name="test_put_toggle_archived" time="0.091" /><testcase classname="backend.tests.test_iter12_tanda_d.TestTournaments" name="test_put_empty_body_400" time="0.083" /><testcase classname="backend.tests.test_iter12_tanda_d.TestTournaments" name="test_put_nonexistent_404" time="0.081" /><testcase classname="backend.tests.test_iter12_tanda_d.TestTournaments" name="test_put_no_auth_401_or_403" time="0.411" /><testcase classname="backend.tests.test_iter12_tanda_d.TestIntergroup" name="test_preview_no_persist" time="0.756" /><testcase classname="backend.tests.test_iter12_tanda_d.TestIntergroup" name="test_save_persists" time="0.173" /><testcase classname="backend.tests.test_iter12_tanda_d.TestIntergroup" name="test_invalid_group_400" time="0.075" /><testcase classname="backend.tests.test_iter12_tanda_d.TestIntergroup" name="test_invalid_date_400" time="0.077" /><testcase classname="backend.tests.test_iter12_tanda_d.TestIntergroup" name="test_no_auth" time="0.156" /><testcase classname="backend.tests.test_iter12_tanda_d.TestHistorical" name="test_get_historical_diciembre_2025" time="0.184" /><testcase classname="backend.tests.test_iter12_tanda_d.TestHistorical" name="test_post_bulk_create_and_delete" time="0.223" /><testcase classname="backend.tests.test_iter12_tanda_d.TestHistorical" name="test_post_empty_returns_empty" time="0.072" /><testcase classname="backend.tests.test_iter12_tanda_d.TestHistorical" name="test_post_no_auth" time="0.258" /><testcase classname="backend.tests.test_iter12_tanda_d.TestHistorical" name="test_delete_no_auth" time="0.225" /><testcase classname="backend.tests.test_iter12_tanda_d.TestMatchesTemplate" name="test_download_xlsx" time="0.294" /><testcase classname="backend.tests.test_iter12_tanda_d.TestMatchesTemplate" name="test_no_auth" time="0.202" /><testcase classname="backend.tests.test_iter12_tanda_d.TestMatchTypeField" name="test_post_intergrupo_match" time="0.545" /></testsuite></testsuites>