<?xml version="1.0" encoding="utf-8"?><testsuites name="pytest tests"><testsuite name="pytest" errors="0" failures="0" skipped="0" tests="6" time="1.108" timestamp="2026-05-28T14:33:52.429041+00:00" hostname="agent-env-46b7e5ff-bded-4991-8144-4f8982d0530e"><testcase classname="backend.tests.test_iter15_tanda_g" name="test_calculate_with_transport_entries" time="0.610" /><testcase classname="backend.tests.test_iter15_tanda_g" name="test_calculate_transport_entries_overrides_legacy" time="0.050" /><testcase classname="backend.tests.test_iter15_tanda_g" name="test_calculate_empty_transport_entries_uses_legacy" time="0.049" /><testcase classname="backend.tests.test_iter15_tanda_g" name="test_create_quote_persists_transport_entries" time="0.107" /><testcase classname="backend.tests.test_iter15_tanda_g" name="test_update_quote_replaces_transport_entries" time="0.164" /><testcase classname="backend.tests.test_iter15_tanda_g" name="test_extra_pax_entries_with_dates" time="0.049" /></testsuite></testsuites>