<?xml version="1.0" encoding="utf-8"?><testsuites name="pytest tests"><testsuite name="pytest" errors="0" failures="0" skipped="0" tests="21" time="7.422" timestamp="2026-05-14T00:18:33.635092+00:00" hostname="agent-env-46b7e5ff-bded-4991-8144-4f8982d0530e"><testcase classname="backend.tests.test_iter10_manual_payments.TestUploadAcceptsPdf" name="test_upload_pdf_accepted" time="1.817" /><testcase classname="backend.tests.test_iter10_manual_payments.TestUploadAcceptsPdf" name="test_upload_png_accepted" time="0.374" /><testcase classname="backend.tests.test_iter10_manual_payments.TestUploadAcceptsPdf" name="test_upload_rejects_txt" time="0.171" /><testcase classname="backend.tests.test_iter10_manual_payments.TestUploadAcceptsPdf" name="test_upload_rejects_over_5mb" time="2.588" /><testcase classname="backend.tests.test_iter10_manual_payments.TestPaymentsRBAC" name="test_dt_cannot_pay_other_team" time="0.492" /><testcase classname="backend.tests.test_iter10_manual_payments.TestPaymentsRBAC" name="test_dt_cannot_call_admin_payments" time="0.049" /><testcase classname="backend.tests.test_iter10_manual_payments.TestPaymentsRBAC" name="test_dt_cannot_update_status" time="0.050" /><testcase classname="backend.tests.test_iter10_manual_payments.TestPaymentsRBAC" name="test_unauthenticated_payment" time="0.155" /><testcase classname="backend.tests.test_iter10_manual_payments.TestPaymentSubmission" name="test_submit_payment_for_own_team" time="0.050" /><testcase classname="backend.tests.test_iter10_manual_payments.TestPaymentSubmission" name="test_payments_mine" time="0.050" /><testcase classname="backend.tests.test_iter10_manual_payments.TestPaymentSubmission" name="test_payments_by_target_balance" time="0.050" /><testcase classname="backend.tests.test_iter10_manual_payments.TestPaymentSubmission" name="test_invalid_target_type_rejected" time="0.052" /><testcase classname="backend.tests.test_iter10_manual_payments.TestPaymentSubmission" name="test_negative_amount_rejected" time="0.051" /><testcase classname="backend.tests.test_iter10_manual_payments.TestAdminPaymentWorkflow" name="test_admin_lists_payments_with_enrichment" time="0.380" /><testcase classname="backend.tests.test_iter10_manual_payments.TestAdminPaymentWorkflow" name="test_admin_filter_by_status" time="0.050" /><testcase classname="backend.tests.test_iter10_manual_payments.TestAdminPaymentWorkflow" name="test_admin_filter_by_target_type" time="0.054" /><testcase classname="backend.tests.test_iter10_manual_payments.TestAdminPaymentWorkflow" name="test_admin_approves_partial_payment" time="0.102" /><testcase classname="backend.tests.test_iter10_manual_payments.TestAdminPaymentWorkflow" name="test_admin_reject_does_not_count" time="0.106" /><testcase classname="backend.tests.test_iter10_manual_payments.TestAdminPaymentWorkflow" name="test_admin_404_for_unknown_payment" time="0.058" /><testcase classname="backend.tests.test_iter10_manual_payments.TestQuoteFullPaymentFlow" name="test_full_quote_payment_flow" time="0.420" /><testcase classname="backend.tests.test_iter10_manual_payments.TestTeamRegistrationFullPayment" name="test_team_full_payment_marks_paid" time="0.199" /></testsuite></testsuites>