<?xml version="1.0" encoding="utf-8"?><testsuites name="pytest tests"><testsuite name="pytest" errors="0" failures="0" skipped="0" tests="5" time="1.202" timestamp="2026-06-01T21:45:25.385241+00:00" hostname="agent-env-46b7e5ff-bded-4991-8144-4f8982d0530e"><testcase classname="backend.tests.test_iter23_cotizar_c2.TestCalculateWithCategories" name="test_categories_sum" time="0.249" /><testcase classname="backend.tests.test_iter23_cotizar_c2.TestCalculateWithCategories" name="test_categories_empty_no_registration" time="0.151" /><testcase classname="backend.tests.test_iter23_cotizar_c2.TestLegacyPath" name="test_festival_birth_year_works" time="0.164" /><testcase classname="backend.tests.test_iter23_cotizar_c2.TestEventTypesToursDescription" name="test_tours_catalog_has_description" time="0.121" /><testcase classname="backend.tests.test_iter23_cotizar_c2.TestCreateQuoteWithCategories" name="test_admin_can_create_quote_with_categories" time="0.450" /></testsuite></testsuites>