<?xml version="1.0" encoding="utf-8"?><testsuites name="pytest tests"><testsuite name="pytest" errors="0" failures="0" skipped="0" tests="2" time="1.508" timestamp="2026-08-04T03:49:59.464550+00:00" hostname="agent-env-46b7e5ff-bded-4991-8144-4f8982d0530e"><testcase classname="backend.tests.test_iter41_bye_fixture.TestByeFixture" name="test_generate_fixture_with_bye_matches" time="1.057" /><testcase classname="backend.tests.test_iter41_bye_fixture.TestByeFixture" name="test_matches_endpoint_returns_descansa_labels" time="0.379" /></testsuite></testsuites>