<?xml version="1.0" encoding="utf-8"?><testsuites name="pytest tests"><testsuite name="pytest" errors="0" failures="0" skipped="0" tests="11" time="2.052" timestamp="2026-05-19T22:42:29.348518+00:00" hostname="agent-env-46b7e5ff-bded-4991-8144-4f8982d0530e"><testcase classname="backend.tests.test_iter11_double_matchday.TestFixtureDoubleMatchday" name="test_double_matchday_true_with_2_slots_4_teams" time="0.938" /><testcase classname="backend.tests.test_iter11_double_matchday.TestFixtureDoubleMatchday" name="test_double_matchday_true_with_1_slot" time="0.055" /><testcase classname="backend.tests.test_iter11_double_matchday.TestFixtureDoubleMatchday" name="test_double_matchday_false_default_behavior" time="0.059" /><testcase classname="backend.tests.test_iter11_double_matchday.TestMatchManualEdit" name="test_update_match_full_fields" time="0.200" /><testcase classname="backend.tests.test_iter11_double_matchday.TestMatchManualEdit" name="test_update_match_empty_body_400" time="0.074" /><testcase classname="backend.tests.test_iter11_double_matchday.TestMatchManualEdit" name="test_update_match_invalid_date_400" time="0.058" /><testcase classname="backend.tests.test_iter11_double_matchday.TestMatchManualEdit" name="test_update_match_nonexistent_id_404" time="0.062" /><testcase classname="backend.tests.test_iter11_double_matchday.TestMatchManualEdit" name="test_update_match_no_admin_auth_401_or_403" time="0.124" /><testcase classname="backend.tests.test_iter11_double_matchday.TestMatchManualEdit" name="test_update_match_dt_role_forbidden" time="0.210" /><testcase classname="backend.tests.test_iter11_double_matchday.TestMatchManualEdit" name="test_update_match_same_team_home_away_400" time="0.059" /><testcase classname="backend.tests.test_iter11_double_matchday.TestMatchResultRegression" name="test_update_match_result_still_works" time="0.122" /></testsuite></testsuites>