<?xml version="1.0" encoding="utf-8"?><testsuites name="pytest tests"><testsuite name="pytest" errors="0" failures="0" skipped="0" tests="18" time="3.147" timestamp="2026-04-30T02:47:24.950255+00:00" hostname="agent-env-46b7e5ff-bded-4991-8144-4f8982d0530e"><testcase classname="backend.tests.test_iter6_quotes.TestEventTypes" name="test_event_types_schema" time="0.633" /><testcase classname="backend.tests.test_iter6_quotes.TestQuoteCalculate" name="test_calculate_festival_sub12_gold_double_4pax_3nights" time="0.154" /><testcase classname="backend.tests.test_iter6_quotes.TestQuoteCalculate" name="test_calculate_with_all_addons" time="0.173" /><testcase classname="backend.tests.test_iter6_quotes.TestQuoteCalculate" name="test_calculate_invalid_category_for_event" time="0.118" /><testcase classname="backend.tests.test_iter6_quotes.TestQuoteCalculate" name="test_calculate_invalid_event_type" time="0.149" /><testcase classname="backend.tests.test_iter6_quotes.TestQuoteCalculate" name="test_calculate_invalid_tier" time="0.119" /><testcase classname="backend.tests.test_iter6_quotes.TestQuoteCalculate" name="test_calculate_invalid_room_type" time="0.112" /><testcase classname="backend.tests.test_iter6_quotes.TestQuoteCreateAndList" name="test_create_quote_requires_auth" time="0.137" /><testcase classname="backend.tests.test_iter6_quotes.TestQuoteCreateAndList" name="test_create_quote_as_team_manager" time="0.415" /><testcase classname="backend.tests.test_iter6_quotes.TestQuoteCreateAndList" name="test_mine_returns_own_quotes" time="0.046" /><testcase classname="backend.tests.test_iter6_quotes.TestQuoteCreateAndList" name="test_admin_list_all_quotes" time="0.049" /><testcase classname="backend.tests.test_iter6_quotes.TestQuoteCreateAndList" name="test_non_admin_cannot_list_all_quotes" time="0.050" /><testcase classname="backend.tests.test_iter6_quotes.TestQuoteStatus" name="test_admin_update_status_valid" time="0.099" /><testcase classname="backend.tests.test_iter6_quotes.TestQuoteStatus" name="test_admin_update_status_invalid" time="0.045" /><testcase classname="backend.tests.test_iter6_quotes.TestQuoteStatus" name="test_non_admin_cannot_update_status" time="0.048" /><testcase classname="backend.tests.test_iter6_quotes.TestPaymentProof" name="test_owner_can_attach" time="0.048" /><testcase classname="backend.tests.test_iter6_quotes.TestPaymentProof" name="test_admin_can_attach" time="0.047" /><testcase classname="backend.tests.test_iter6_quotes.TestPaymentProof" name="test_stranger_cannot_attach" time="0.598" /></testsuite></testsuites>