<?xml version="1.0" encoding="utf-8"?><testsuites name="pytest tests"><testsuite name="pytest" errors="0" failures="0" skipped="0" tests="71" time="16.716" timestamp="2026-04-30T02:01:42.443435+00:00" hostname="agent-env-46b7e5ff-bded-4991-8144-4f8982d0530e"><testcase classname="backend.tests.backend_test.TestHealth" name="test_root" time="0.722" /><testcase classname="backend.tests.backend_test.TestAuth" name="test_me_without_cookies_returns_401" time="0.103" /><testcase classname="backend.tests.backend_test.TestAuth" name="test_admin_login_sets_cookies" time="0.329" /><testcase classname="backend.tests.backend_test.TestAuth" name="test_me_with_cookies" time="0.051" /><testcase classname="backend.tests.backend_test.TestAuth" name="test_invalid_login" time="0.351" /><testcase classname="backend.tests.backend_test.TestAuth" name="test_register_duplicate_fails" time="0.511" /><testcase classname="backend.tests.backend_test.TestAuth" name="test_family_me" time="0.053" /><testcase classname="backend.tests.backend_test.TestTeamsPlayers" name="test_public_teams_list" time="0.131" /><testcase classname="backend.tests.backend_test.TestTeamsPlayers" name="test_non_admin_cannot_create_team" time="0.047" /><testcase classname="backend.tests.backend_test.TestTeamsPlayers" name="test_admin_create_team" time="0.178" /><testcase classname="backend.tests.backend_test.TestTeamsPlayers" name="test_update_team" time="0.072" /><testcase classname="backend.tests.backend_test.TestTeamsPlayers" name="test_admin_create_player" time="0.186" /><testcase classname="backend.tests.backend_test.TestTeamsPlayers" name="test_list_players_by_team" time="0.180" /><testcase classname="backend.tests.backend_test.TestTeamsPlayers" name="test_create_player_invalid_team" time="0.055" /><testcase classname="backend.tests.backend_test.TestMatchesStats" name="test_create_match" time="0.207" /><testcase classname="backend.tests.backend_test.TestMatchesStats" name="test_list_matches_enriched" time="0.169" /><testcase classname="backend.tests.backend_test.TestMatchesStats" name="test_update_result_and_standings" time="0.277" /><testcase classname="backend.tests.backend_test.TestInventoryBookings" name="test_seeded_hotels" time="0.107" /><testcase classname="backend.tests.backend_test.TestInventoryBookings" name="test_seeded_transports_tours" time="0.285" /><testcase classname="backend.tests.backend_test.TestInventoryBookings" name="test_admin_hotel_crud" time="0.111" /><testcase classname="backend.tests.backend_test.TestInventoryBookings" name="test_family_create_booking" time="0.050" /><testcase classname="backend.tests.backend_test.TestInventoryBookings" name="test_my_bookings" time="0.061" /><testcase classname="backend.tests.backend_test.TestInventoryBookings" name="test_family_cannot_list_all_bookings" time="0.045" /><testcase classname="backend.tests.backend_test.TestInventoryBookings" name="test_admin_list_and_update_booking" time="0.107" /><testcase classname="backend.tests.test_iter3_fixtures.TestTeamFields" name="test_create_team_with_birth_year_and_group" time="0.499" /><testcase classname="backend.tests.test_iter3_fixtures.TestStandingsFairPlay" name="test_standings_includes_fair_play" time="0.562" /><testcase classname="backend.tests.test_iter3_fixtures.TestStandingsFairPlay" name="test_standings_group_filter" time="0.111" /><testcase classname="backend.tests.test_iter3_fixtures.TestStandingsFairPlay" name="test_standings_tiebreaker_order" time="0.106" /><testcase classname="backend.tests.test_iter3_fixtures.TestFixtureGenerate" name="test_preview_4_teams" time="0.442" /><testcase classname="backend.tests.test_iter3_fixtures.TestFixtureGenerate" name="test_preview_5_teams_byes" time="0.303" /><testcase classname="backend.tests.test_iter3_fixtures.TestFixtureGenerate" name="test_save_persists_and_updates_teams" time="0.885" /><testcase classname="backend.tests.test_iter3_fixtures.TestFixtureGenerate" name="test_invalid_category" time="0.049" /><testcase classname="backend.tests.test_iter3_fixtures.TestFixtureGenerate" name="test_less_than_two_teams" time="0.053" /><testcase classname="backend.tests.test_iter3_fixtures.TestFixtureGenerate" name="test_venues_and_slots_distributed" time="0.060" /><testcase classname="backend.tests.test_iter3_fixtures.TestFixtureGenerate" name="test_admin_required" time="1.401" /><testcase classname="backend.tests.test_iter4_approvals.TestTeamApproval" name="test_register_team_status_pendiente" time="1.076" /><testcase classname="backend.tests.test_iter4_approvals.TestTeamApproval" name="test_admin_created_team_status_aprobado" time="0.215" /><testcase classname="backend.tests.test_iter4_approvals.TestTeamApproval" name="test_public_list_excludes_pendiente" time="0.144" /><testcase classname="backend.tests.test_iter4_approvals.TestTeamApproval" name="test_admin_filter_status_pendiente" time="0.063" /><testcase classname="backend.tests.test_iter4_approvals.TestTeamApproval" name="test_set_team_status_aprobado" time="0.179" /><testcase classname="backend.tests.test_iter4_approvals.TestTeamApproval" name="test_set_team_status_rechazado" time="0.544" /><testcase classname="backend.tests.test_iter4_approvals.TestTeamApproval" name="test_set_team_status_invalid" time="0.064" /><testcase classname="backend.tests.test_iter4_approvals.TestPlayerApproval" name="test_team_added_player_status_pendiente" time="0.301" /><testcase classname="backend.tests.test_iter4_approvals.TestPlayerApproval" name="test_admin_added_player_status_aprobado" time="0.232" /><testcase classname="backend.tests.test_iter4_approvals.TestPlayerApproval" name="test_admin_filter_pending_players" time="0.049" /><testcase classname="backend.tests.test_iter4_approvals.TestPlayerApproval" name="test_set_player_status_aprobado" time="0.173" /><testcase classname="backend.tests.test_iter4_approvals.TestPlayerApproval" name="test_non_admin_cannot_change_player_status" time="0.053" /><testcase classname="backend.tests.test_iter4_approvals.TestPlayerApproval" name="test_invalid_player_status" time="0.051" /><testcase classname="backend.tests.test_iter4_approvals.TestTeamExtendedFields" name="test_team_extended_fields_persisted" time="0.155" /><testcase classname="backend.tests.test_iter4_approvals.TestMatchCardsAndDiscipline" name="test_result_with_cards_persisted" time="0.319" /><testcase classname="backend.tests.test_iter4_approvals.TestMatchCardsAndDiscipline" name="test_discipline_stats" time="0.755" /><testcase classname="backend.tests.test_new_features.TestCategories" name="test_list_categories" time="0.457" /><testcase classname="backend.tests.test_new_features.TestRegisterTeam" name="test_register_team_creates_user_and_team" time="0.487" /><testcase classname="backend.tests.test_new_features.TestRegisterTeam" name="test_register_team_invalid_category" time="0.106" /><testcase classname="backend.tests.test_new_features.TestRegisterTeam" name="test_register_team_duplicate_email" time="0.128" /><testcase classname="backend.tests.test_new_features.TestRegisterTeam" name="test_admin_me_team_id_null" time="0.066" /><testcase classname="backend.tests.test_new_features.TestTeamPermissions" name="test_team_manager_can_edit_own_team" time="0.051" /><testcase classname="backend.tests.test_new_features.TestTeamPermissions" name="test_team_manager_cannot_edit_other_team" time="0.393" /><testcase classname="backend.tests.test_new_features.TestTeamPermissions" name="test_admin_create_team_invalid_category" time="0.053" /><testcase classname="backend.tests.test_new_features.TestTeamPermissions" name="test_admin_create_team_valid_category" time="0.051" /><testcase classname="backend.tests.test_new_features.TestPlayerPermissions" name="test_team_can_create_own_player" time="0.053" /><testcase classname="backend.tests.test_new_features.TestPlayerPermissions" name="test_team_cannot_create_player_for_other_team" time="0.056" /><testcase classname="backend.tests.test_new_features.TestPlayerPermissions" name="test_team_can_update_own_player" time="0.057" /><testcase classname="backend.tests.test_new_features.TestPlayerPermissions" name="test_team_cannot_update_other_teams_player" time="0.170" /><testcase classname="backend.tests.test_new_features.TestPlayerPermissions" name="test_team_can_delete_own_player" time="0.184" /><testcase classname="backend.tests.test_new_features.TestInventoryAdminOnly" name="test_team_cannot_create_hotel" time="0.053" /><testcase classname="backend.tests.test_new_features.TestInventoryAdminOnly" name="test_team_cannot_create_transport" time="0.052" /><testcase classname="backend.tests.test_new_features.TestInventoryAdminOnly" name="test_team_cannot_create_tour" time="0.051" /><testcase classname="backend.tests.test_new_features.TestUpload" name="test_upload_requires_auth" time="0.120" /><testcase classname="backend.tests.test_new_features.TestUpload" name="test_upload_rejects_non_image" time="0.054" /><testcase classname="backend.tests.test_new_features.TestUpload" name="test_upload_and_serve_image" time="0.725" /></testsuite></testsuites>