<?xml version="1.0" encoding="utf-8"?><testsuites name="pytest tests"><testsuite name="pytest" errors="0" failures="0" skipped="0" tests="9" time="3.048" timestamp="2026-05-30T22:42:55.105833+00:00" hostname="agent-env-46b7e5ff-bded-4991-8144-4f8982d0530e"><testcase classname="backend.tests.test_iter19_clubs_hierarchy.TestClubsTree" name="test_anon_forbidden" time="0.211" /><testcase classname="backend.tests.test_iter19_clubs_hierarchy.TestClubsTree" name="test_admin_clubs_tree_shape" time="0.405" /><testcase classname="backend.tests.test_iter19_clubs_hierarchy.TestClubsTree" name="test_america_fc_present_with_users" time="0.108" /><testcase classname="backend.tests.test_iter19_clubs_hierarchy.TestClubsTree" name="test_clubs_users_anon_forbidden" time="0.101" /><testcase classname="backend.tests.test_iter19_clubs_hierarchy.TestCascadeBlock" name="test_quote_blocked_when_pending" time="0.819" /><testcase classname="backend.tests.test_iter19_clubs_hierarchy.TestCascadeBlock" name="test_add_team_blocked_when_pending" time="0.048" /><testcase classname="backend.tests.test_iter19_clubs_hierarchy.TestCascadeBlock" name="test_approve_club_then_quote_and_team_ok" time="0.419" /><testcase classname="backend.tests.test_iter19_clubs_hierarchy.TestTeamAndPlayers" name="test_team_status_approve" time="0.512" /><testcase classname="backend.tests.test_iter19_clubs_hierarchy.TestTeamAndPlayers" name="test_player_create_update_delete" time="0.342" /></testsuite></testsuites>