<?xml version="1.0" encoding="utf-8"?><testsuites name="pytest tests"><testsuite name="pytest" errors="0" failures="0" skipped="0" tests="11" time="6.249" timestamp="2026-04-29T21:12:58.529091+00:00" hostname="agent-env-46b7e5ff-bded-4991-8144-4f8982d0530e"><testcase classname="backend.tests.test_iter3_fixtures.TestTeamFields" name="test_create_team_with_birth_year_and_group" time="0.761" /><testcase classname="backend.tests.test_iter3_fixtures.TestStandingsFairPlay" name="test_standings_includes_fair_play" time="0.759" /><testcase classname="backend.tests.test_iter3_fixtures.TestStandingsFairPlay" name="test_standings_group_filter" time="0.209" /><testcase classname="backend.tests.test_iter3_fixtures.TestStandingsFairPlay" name="test_standings_tiebreaker_order" time="0.191" /><testcase classname="backend.tests.test_iter3_fixtures.TestFixtureGenerate" name="test_preview_4_teams" time="0.538" /><testcase classname="backend.tests.test_iter3_fixtures.TestFixtureGenerate" name="test_preview_5_teams_byes" time="0.392" /><testcase classname="backend.tests.test_iter3_fixtures.TestFixtureGenerate" name="test_save_persists_and_updates_teams" time="1.046" /><testcase classname="backend.tests.test_iter3_fixtures.TestFixtureGenerate" name="test_invalid_category" time="0.063" /><testcase classname="backend.tests.test_iter3_fixtures.TestFixtureGenerate" name="test_less_than_two_teams" time="0.061" /><testcase classname="backend.tests.test_iter3_fixtures.TestFixtureGenerate" name="test_venues_and_slots_distributed" time="0.069" /><testcase classname="backend.tests.test_iter3_fixtures.TestFixtureGenerate" name="test_admin_required" time="2.071" /></testsuite></testsuites>