<?xml version="1.0" encoding="utf-8"?><testsuites name="pytest tests"><testsuite name="pytest" errors="0" failures="0" skipped="0" tests="3" time="1.002" timestamp="2026-06-25T14:06:49.775684+00:00" hostname="agent-env-46b7e5ff-bded-4991-8144-4f8982d0530e"><testcase classname="backend.tests.test_home_settings_iter31" name="test_home_settings_public_get" time="0.235" /><testcase classname="backend.tests.test_home_settings_iter31" name="test_home_settings_put_persists_new_fields" time="0.542" /><testcase classname="backend.tests.test_home_settings_iter31" name="test_home_settings_put_requires_auth" time="0.148" /></testsuite></testsuites>