<?xml version="1.0" encoding="utf-8"?><testsuites name="pytest tests"><testsuite name="pytest" errors="0" failures="0" skipped="0" tests="13" time="2.695" timestamp="2026-04-30T02:03:42.786385+00:00" hostname="agent-env-46b7e5ff-bded-4991-8144-4f8982d0530e"><testcase classname="backend.tests.test_iter5_bulk_import.TestSimonGuzmanAdmin" name="test_simon_guzman_user_exists_with_admin_role" time="0.435" /><testcase classname="backend.tests.test_iter5_bulk_import.TestTemplates" name="test_template_teams_csv" time="0.068" /><testcase classname="backend.tests.test_iter5_bulk_import.TestTemplates" name="test_template_players_csv" time="0.056" /><testcase classname="backend.tests.test_iter5_bulk_import.TestTemplates" name="test_template_invalid_kind" time="0.050" /><testcase classname="backend.tests.test_iter5_bulk_import.TestTemplates" name="test_template_requires_admin" time="0.110" /><testcase classname="backend.tests.test_iter5_bulk_import.TestImportTeams" name="test_import_teams_preview_no_db_writes" time="0.131" /><testcase classname="backend.tests.test_iter5_bulk_import.TestImportTeams" name="test_import_teams_persist" time="0.173" /><testcase classname="backend.tests.test_iter5_bulk_import.TestImportTeams" name="test_import_teams_invalid_category_partial" time="0.063" /><testcase classname="backend.tests.test_iter5_bulk_import.TestImportTeams" name="test_import_teams_xlsx" time="0.128" /><testcase classname="backend.tests.test_iter5_bulk_import.TestImportTeams" name="test_import_teams_requires_admin" time="0.049" /><testcase classname="backend.tests.test_iter5_bulk_import.TestImportTeams" name="test_import_teams_oversize" time="0.273" /><testcase classname="backend.tests.test_iter5_bulk_import.TestImportPlayers" name="test_import_players_persists_extended_fields" time="0.294" /><testcase classname="backend.tests.test_iter5_bulk_import.TestImportPlayers" name="test_import_players_unknown_team_returns_error" time="0.467" /></testsuite></testsuites>