<?xml version="1.0" encoding="utf-8"?><testsuites name="pytest tests"><testsuite name="pytest" errors="0" failures="0" skipped="0" tests="6" time="1.329" timestamp="2026-05-30T22:10:22.458449+00:00" hostname="agent-env-46b7e5ff-bded-4991-8144-4f8982d0530e"><testcase classname="backend.tests.test_iter18_tanda_a.TestQuotesClubName" name="test_admin_quotes_returns_club_name_key" time="0.532" /><testcase classname="backend.tests.test_iter18_tanda_a.TestQuotesClubName" name="test_quotes_requires_admin" time="0.142" /><testcase classname="backend.tests.test_iter18_tanda_a.TestCatalogLodgingRegression" name="test_create_lodging_with_classification" time="0.148" /><testcase classname="backend.tests.test_iter18_tanda_a.TestCatalogMealAddonRegression" name="test_create_meal_addon_with_synthetic_name" time="0.126" /><testcase classname="backend.tests.test_iter18_tanda_a.TestCatalogMealAddonRegression" name="test_create_meal_addon_rejects_empty_name" time="0.053" /><testcase classname="backend.tests.test_iter18_tanda_a.TestEventTypesRegression" name="test_put_event_type_without_fee" time="0.230" /></testsuite></testsuites>