<?xml version="1.0" encoding="utf-8"?><testsuites name="pytest tests"><testsuite name="pytest" errors="0" failures="0" skipped="0" tests="15" time="1.865" timestamp="2026-05-28T18:20:40.534553+00:00" hostname="agent-env-46b7e5ff-bded-4991-8144-4f8982d0530e"><testcase classname="backend.tests.test_iter16_contact_categories_paquetes.TestContactMessages" name="test_public_post_contact_message" time="0.201" /><testcase classname="backend.tests.test_iter16_contact_categories_paquetes.TestContactMessages" name="test_admin_list_contact_messages_requires_auth" time="0.102" /><testcase classname="backend.tests.test_iter16_contact_categories_paquetes.TestContactMessages" name="test_admin_list_contact_messages_authed" time="0.407" /><testcase classname="backend.tests.test_iter16_contact_categories_paquetes.TestContactMessages" name="test_admin_mark_read" time="0.119" /><testcase classname="backend.tests.test_iter16_contact_categories_paquetes.TestContactMessages" name="test_admin_delete_contact_message" time="0.114" /><testcase classname="backend.tests.test_iter16_contact_categories_paquetes.TestTournamentCategories" name="test_create_tournament_with_categories" time="0.066" /><testcase classname="backend.tests.test_iter16_contact_categories_paquetes.TestTournamentCategories" name="test_get_tournament_persists_categories" time="0.059" /><testcase classname="backend.tests.test_iter16_contact_categories_paquetes.TestTournamentCategories" name="test_update_tournament_categories" time="0.117" /><testcase classname="backend.tests.test_iter16_contact_categories_paquetes.TestTournamentCategories" name="test_cleanup_tournament" time="0.058" /><testcase classname="backend.tests.test_iter16_contact_categories_paquetes.TestCatalogLodging" name="test_create_lodging_with_classification" time="0.058" /><testcase classname="backend.tests.test_iter16_contact_categories_paquetes.TestCatalogLodging" name="test_update_lodging_classification_uppercase" time="0.110" /><testcase classname="backend.tests.test_iter16_contact_categories_paquetes.TestCatalogLodging" name="test_cleanup_lodging" time="0.061" /><testcase classname="backend.tests.test_iter16_contact_categories_paquetes.TestCatalogMeal" name="test_update_existing_meal_classification" time="0.128" /><testcase classname="backend.tests.test_iter16_contact_categories_paquetes.TestCatalogMeal" name="test_restore_meal_classification" time="0.116" /><testcase classname="backend.tests.test_iter16_contact_categories_paquetes.TestQuotesRegression" name="test_quotes_calculate_still_works" time="0.063" /></testsuite></testsuites>