<?xml version="1.0" encoding="utf-8"?><testsuites name="pytest tests"><testsuite name="pytest" errors="0" failures="3" skipped="0" tests="20" time="5.919" timestamp="2026-04-30T03:26:02.014371+00:00" hostname="agent-env-46b7e5ff-bded-4991-8144-4f8982d0530e"><testcase classname="backend.tests.test_iter7_cop_stripe.TestEventTypes" name="test_event_types_cop_pricing" time="0.753" /><testcase classname="backend.tests.test_iter7_cop_stripe.TestRegisterTeamEventType" name="test_requires_event_type" time="0.174" /><testcase classname="backend.tests.test_iter7_cop_stripe.TestRegisterTeamEventType" name="test_invalid_event_type" time="0.156" /><testcase classname="backend.tests.test_iter7_cop_stripe.TestRegisterTeamEventType" name="test_category_not_allowed_for_event" time="0.148" /><testcase classname="backend.tests.test_iter7_cop_stripe.TestRegisterTeamEventType" name="test_register_team_persists_cop_fields" time="0.462" /><testcase classname="backend.tests.test_iter7_cop_stripe.TestQuotesCalculate" name="test_premier_par_sub12_gold_double_4pax_3nights_with_transport" time="0.138" /><testcase classname="backend.tests.test_iter7_cop_stripe.TestQuotesCalculate" name="test_quote_calc_invalid_category_for_event" time="0.131" /><testcase classname="backend.tests.test_iter7_cop_stripe.TestQuotesCalculate" name="test_create_quote_persists_cop_total" time="0.422" /><testcase classname="backend.tests.test_iter7_cop_stripe.TestRegistrationCheckout" name="test_unauth_rejected" time="0.135" /><testcase classname="backend.tests.test_iter7_cop_stripe.TestRegistrationCheckout" name="test_404_team_not_found" time="0.062" /><testcase classname="backend.tests.test_iter7_cop_stripe.TestRegistrationCheckout" name="test_403_not_owner" time="0.427" /><testcase classname="backend.tests.test_iter7_cop_stripe.TestRegistrationCheckout" name="test_owner_creates_session" time="0.472" /><testcase classname="backend.tests.test_iter7_cop_stripe.TestQuoteCheckout" name="test_400_not_approved" time="0.062" /><testcase classname="backend.tests.test_iter7_cop_stripe.TestQuoteCheckout" name="test_approve_then_checkout" time="0.569" /><testcase classname="backend.tests.test_iter7_cop_stripe.TestCheckoutStatus" name="test_registration_status_includes_kind" time="0.315"><failure message="AssertionError: Internal Server Error&#10;assert 500 == 200&#10; +  where 500 = &lt;Response [500]&gt;.status_code">backend/tests/test_iter7_cop_stripe.py:289: in test_registration_status_includes_kind
    assert r.status_code == 200, r.text
E   AssertionError: Internal Server Error
E   assert 500 == 200
E    +  where 500 = &lt;Response [500]&gt;.status_code</failure></testcase><testcase classname="backend.tests.test_iter7_cop_stripe.TestCheckoutStatus" name="test_quote_status_kind" time="0.257"><failure message="assert 500 == 200&#10; +  where 500 = &lt;Response [500]&gt;.status_code">backend/tests/test_iter7_cop_stripe.py:297: in test_quote_status_kind
    assert r.status_code == 200
E   assert 500 == 200
E    +  where 500 = &lt;Response [500]&gt;.status_code</failure></testcase><testcase classname="backend.tests.test_iter7_cop_stripe.TestPostsAndSocial" name="test_list_posts_public" time="0.162" /><testcase classname="backend.tests.test_iter7_cop_stripe.TestPostsAndSocial" name="test_posts_crud_admin" time="0.349" /><testcase classname="backend.tests.test_iter7_cop_stripe.TestPostsAndSocial" name="test_social_instagram" time="0.132" /><testcase classname="backend.tests.test_iter7_cop_stripe.TestRemovedEndpoints" name="test_no_bookings" time="0.448"><failure message="AssertionError: /bookings returned 401&#10;assert 401 in (404, 405)&#10; +  where 401 = &lt;Response [401]&gt;.status_code">backend/tests/test_iter7_cop_stripe.py:348: in test_no_bookings
    assert r.status_code in (404, 405), f"{path} returned {r.status_code}"
E   AssertionError: /bookings returned 401
E   assert 401 in (404, 405)
E    +  where 401 = &lt;Response [401]&gt;.status_code</failure></testcase></testsuite></testsuites>