<?xml version="1.0" encoding="utf-8"?><testsuites name="pytest tests"><testsuite name="pytest" errors="0" failures="0" skipped="0" tests="11" time="4.341" timestamp="2026-06-01T21:07:29.824638+00:00" hostname="agent-env-46b7e5ff-bded-4991-8144-4f8982d0530e"><testcase classname="backend.tests.test_iter21_roles_quote_approval" name="test_register_team_cuerpo_tecnico_with_existing_club" time="1.303" /><testcase classname="backend.tests.test_iter21_roles_quote_approval" name="test_register_team_directivo_creates_club" time="0.383" /><testcase classname="backend.tests.test_iter21_roles_quote_approval" name="test_register_team_ct_missing_club_returns_400" time="0.108" /><testcase classname="backend.tests.test_iter21_roles_quote_approval" name="test_register_team_invalid_existing_club_id_returns_400" time="0.119" /><testcase classname="backend.tests.test_iter21_roles_quote_approval" name="test_auth_me_returns_manager_role_and_club_id" time="0.447" /><testcase classname="backend.tests.test_iter21_roles_quote_approval" name="test_post_quote_ct_returns_403" time="0.454" /><testcase classname="backend.tests.test_iter21_roles_quote_approval" name="test_post_quote_directivo_returns_200_pendiente" time="0.099" /><testcase classname="backend.tests.test_iter21_roles_quote_approval" name="test_admin_approves_quote_then_owner_sees_aprobada" time="0.098" /><testcase classname="backend.tests.test_iter21_roles_quote_approval" name="test_payment_session_blocked_on_pendiente_and_allowed_on_aprobada" time="0.874" /><testcase classname="backend.tests.test_iter21_roles_quote_approval" name="test_owner_edit_aprobada_resets_to_pendiente" time="0.139" /><testcase classname="backend.tests.test_iter21_roles_quote_approval" name="test_zzz_cleanup" time="0.233" /></testsuite></testsuites>