<?xml version="1.0" encoding="utf-8"?><testsuites name="pytest tests"><testsuite name="pytest" errors="0" failures="1" skipped="0" tests="15" time="5.301" timestamp="2026-08-28T18:00:15.858330+00:00" hostname="agent-env-46b7e5ff-bded-4991-8144-4f8982d0530e"><testcase classname="tests.test_iter74_stats_scorers_auth.TestAuthPlaybook" name="test_login_sets_httponly_cookies" time="0.507" /><testcase classname="tests.test_iter74_stats_scorers_auth.TestAuthPlaybook" name="test_bcrypt_hash_format_in_db" time="0.076" /><testcase classname="tests.test_iter74_stats_scorers_auth.TestAuthPlaybook" name="test_cors_allows_credentials_with_explicit_origin" time="0.002" /><testcase classname="tests.test_iter74_stats_scorers_auth.TestAuthPlaybook" name="test_me_requires_auth" time="0.164" /><testcase classname="tests.test_iter74_stats_scorers_auth.TestAuthPlaybook" name="test_brute_force_lockout_after_5_failures" time="0.015" /><testcase classname="tests.test_iter74_stats_scorers_auth.TestAuthPlaybook" name="test_brute_force_lockout_via_public_ingress" time="2.009"><failure message="AssertionError: lockout not enforced through public URL, got [401, 401, 401, 401, 401, 401]&#10;assert 401 == 429">E   AssertionError: lockout not enforced through public URL, got [401, 401, 401, 401, 401, 401]
    assert 401 == 429</failure></testcase><testcase classname="tests.test_iter74_stats_scorers_auth.TestAuthPlaybook" name="test_admin_login_still_works_after_lockout_of_other_identifier" time="0.497" /><testcase classname="tests.test_iter74_stats_scorers_auth.TestPublicStats" name="test_standings_with_group_name" time="0.183" /><testcase classname="tests.test_iter74_stats_scorers_auth.TestPublicStats" name="test_standings_uppercase_group_returns_empty" time="0.130" /><testcase classname="tests.test_iter74_stats_scorers_auth.TestPublicStats" name="test_top_scorers_returns_name_and_team" time="0.150" /><testcase classname="tests.test_iter74_stats_scorers_auth.TestMatchResultScorers" name="test_save_scorers_with_team_id_and_verify_persistence" time="0.240" /><testcase classname="tests.test_iter74_stats_scorers_auth.TestMatchResultScorers" name="test_result_requires_admin" time="0.152" /><testcase classname="tests.test_iter74_stats_scorers_auth.TestHomeSettingsEstadisticas" name="test_estadisticas_group_name_matches_fixture_group" time="0.262" /><testcase classname="tests.test_iter74_stats_scorers_auth.TestHomeSettingsEstadisticas" name="test_put_home_settings_requires_admin" time="0.146" /><testcase classname="tests.test_iter74_stats_scorers_auth.TestHomeSettingsEstadisticas" name="test_put_home_settings_roundtrip" time="0.674" /></testsuite></testsuites>