<?xml version="1.0" encoding="utf-8"?><testsuites name="pytest tests"><testsuite name="pytest" errors="0" failures="0" skipped="0" tests="12" time="2.459" timestamp="2026-06-02T03:05:05.533595+00:00" hostname="agent-env-46b7e5ff-bded-4991-8144-4f8982d0530e"><testcase classname="backend.tests.test_iter25_approval_and_team_rbac.TestPaymentVsQuoteStatus" name="test_payment_blocked_when_quote_pendiente" time="0.962" /><testcase classname="backend.tests.test_iter25_approval_and_team_rbac.TestPaymentVsQuoteStatus" name="test_admin_can_pay_pending_quote" time="0.055" /><testcase classname="backend.tests.test_iter25_approval_and_team_rbac.TestPaymentVsQuoteStatus" name="test_payment_allowed_when_quote_aprobada" time="0.119" /><testcase classname="backend.tests.test_iter25_approval_and_team_rbac.TestTeamCreationNewFlow" name="test_create_team_with_tournament" time="0.172" /><testcase classname="backend.tests.test_iter25_approval_and_team_rbac.TestTeamCreationNewFlow" name="test_team_name_required" time="0.062" /><testcase classname="backend.tests.test_iter25_approval_and_team_rbac.TestTeamCreationNewFlow" name="test_invalid_category" time="0.059" /><testcase classname="backend.tests.test_iter25_approval_and_team_rbac.TestTeamCreationNewFlow" name="test_invalid_tournament_id" time="0.056" /><testcase classname="backend.tests.test_iter25_approval_and_team_rbac.TestTeamCreationLegacyFlow" name="test_legacy_event_type_birth_year" time="0.169" /><testcase classname="backend.tests.test_iter25_approval_and_team_rbac.TestPlayerRBACByClub" name="test_ct_can_create_player_in_club_team" time="0.499" /><testcase classname="backend.tests.test_iter25_approval_and_team_rbac.TestPlayerRBACByClub" name="test_ct_cannot_create_player_in_other_club_team" time="0.100" /><testcase classname="backend.tests.test_iter25_approval_and_team_rbac.TestTeamUpdateByClub" name="test_ct_can_update_team_in_own_club" time="0.056" /><testcase classname="backend.tests.test_iter25_approval_and_team_rbac.TestQuotesCalculateRegression" name="test_calculate_basic" time="0.059" /></testsuite></testsuites>