<?xml version="1.0" encoding="utf-8"?><testsuites name="pytest tests"><testsuite name="pytest" errors="0" failures="0" skipped="0" tests="8" time="2.405" timestamp="2026-06-04T01:46:25.910946+00:00" hostname="agent-env-46b7e5ff-bded-4991-8144-4f8982d0530e"><testcase classname="backend.tests.test_iter26_usd_and_currency.TestCatalogUSD" name="test_create_lodging_with_usd" time="0.643" /><testcase classname="backend.tests.test_iter26_usd_and_currency.TestCatalogUSD" name="test_create_meal_addon_with_usd" time="0.240" /><testcase classname="backend.tests.test_iter26_usd_and_currency.TestCatalogUSD" name="test_create_transport_with_usd" time="0.204" /><testcase classname="backend.tests.test_iter26_usd_and_currency.TestCatalogUSD" name="test_create_tour_with_usd" time="0.244" /><testcase classname="backend.tests.test_iter26_usd_and_currency.TestQuoteCurrency" name="test_quote_usd_uses_usd_prices" time="0.315" /><testcase classname="backend.tests.test_iter26_usd_and_currency.TestQuoteCurrency" name="test_quote_cop_legacy" time="0.115" /><testcase classname="backend.tests.test_iter26_usd_and_currency.TestQuoteCurrency" name="test_quote_default_currency_is_cop" time="0.327" /><testcase classname="backend.tests.test_iter26_usd_and_currency.TestTournamentsUSD" name="test_create_tournament_with_fee_usd" time="0.226" /></testsuite></testsuites>