<?xml version="1.0" encoding="utf-8"?><testsuites name="pytest tests"><testsuite name="pytest" errors="0" failures="0" skipped="0" tests="5" time="4.750" timestamp="2026-06-23T02:43:30.276627+00:00" hostname="agent-env-46b7e5ff-bded-4991-8144-4f8982d0530e"><testcase classname="backend.tests.test_iter28_player_validation_pdfs" name="test_create_player_older_than_team_rejected" time="0.476" /><testcase classname="backend.tests.test_iter28_player_validation_pdfs" name="test_create_player_valid_age_passes" time="0.161" /><testcase classname="backend.tests.test_iter28_player_validation_pdfs" name="test_update_player_to_older_rejected" time="0.159" /><testcase classname="backend.tests.test_iter28_player_validation_pdfs" name="test_quote_pdf_contains_inscripcion_and_bank_data" time="2.453" /><testcase classname="backend.tests.test_iter28_player_validation_pdfs" name="test_roster_pdf_header_dorsal" time="1.426" /></testsuite></testsuites>