<?xml version="1.0" encoding="utf-8"?><testsuites name="pytest tests"><testsuite name="pytest" errors="0" failures="0" skipped="0" tests="8" time="1.321" timestamp="2026-06-25T19:25:21.514284+00:00" hostname="agent-env-46b7e5ff-bded-4991-8144-4f8982d0530e"><testcase classname="backend.tests.test_iter38_fixtures_module" name="test_list_fixtures_empty_or_array" time="0.460" /><testcase classname="backend.tests.test_iter38_fixtures_module" name="test_generate_preview" time="0.160" /><testcase classname="backend.tests.test_iter38_fixtures_module" name="test_generate_end_date_too_early" time="0.058" /><testcase classname="backend.tests.test_iter38_fixtures_module" name="test_saved_fixture_appears_in_list" time="0.119" /><testcase classname="backend.tests.test_iter38_fixtures_module" name="test_get_fixture_matches" time="0.056" /><testcase classname="backend.tests.test_iter38_fixtures_module" name="test_update_match_persists" time="0.113" /><testcase classname="backend.tests.test_iter38_fixtures_module" name="test_double_matchday_ignored" time="0.052" /><testcase classname="backend.tests.test_iter38_fixtures_module" name="test_delete_fixture" time="0.217" /></testsuite></testsuites>