<?xml version="1.0" encoding="utf-8"?><testsuites name="pytest tests"><testsuite name="pytest" errors="0" failures="0" skipped="0" tests="3" time="1.247" timestamp="2026-06-25T20:03:13.251293+00:00" hostname="agent-env-46b7e5ff-bded-4991-8144-4f8982d0530e"><testcase classname="backend.tests.test_iter39_design_unify" name="test_home_settings_has_29_new_fields" time="0.262" /><testcase classname="backend.tests.test_iter39_design_unify" name="test_home_settings_field_count_is_29" time="0.000" /><testcase classname="backend.tests.test_iter39_design_unify" name="test_put_persists_and_revert" time="0.904" /></testsuite></testsuites>