<?xml version="1.0" encoding="utf-8"?><testsuites name="pytest tests"><testsuite name="pytest" errors="0" failures="0" skipped="0" tests="16" time="3.633" timestamp="2026-04-30T03:59:38.610352+00:00" hostname="agent-env-46b7e5ff-bded-4991-8144-4f8982d0530e"><testcase classname="backend.tests.test_iter9_consent_roster_inventory.TestConsentGuards" name="test_register_without_consent_rejected" time="0.166" /><testcase classname="backend.tests.test_iter9_consent_roster_inventory.TestConsentGuards" name="test_register_team_without_consent_rejected" time="0.107" /><testcase classname="backend.tests.test_iter9_consent_roster_inventory.TestConsentGuards" name="test_register_with_consent_persists_fields" time="0.420" /><testcase classname="backend.tests.test_iter9_consent_roster_inventory.TestConsentGuards" name="test_register_team_with_consent_persists_fields" time="0.352" /><testcase classname="backend.tests.test_iter9_consent_roster_inventory.TestTeamRoster" name="test_template_forbidden_for_family" time="0.388" /><testcase classname="backend.tests.test_iter9_consent_roster_inventory.TestTeamRoster" name="test_template_download_xlsx_as_team" time="0.269" /><testcase classname="backend.tests.test_iter9_consent_roster_inventory.TestTeamRoster" name="test_import_preview_true_does_not_save" time="0.550" /><testcase classname="backend.tests.test_iter9_consent_roster_inventory.TestTeamRoster" name="test_import_preview_false_inserts_and_merges" time="0.262" /><testcase classname="backend.tests.test_iter9_consent_roster_inventory.TestInventory" name="test_hotels_public_get" time="0.104" /><testcase classname="backend.tests.test_iter9_consent_roster_inventory.TestInventory" name="test_transports_public_get" time="0.128" /><testcase classname="backend.tests.test_iter9_consent_roster_inventory.TestInventory" name="test_tours_public_get" time="0.103" /><testcase classname="backend.tests.test_iter9_consent_roster_inventory.TestInventory" name="test_hotel_post_requires_admin" time="0.103" /><testcase classname="backend.tests.test_iter9_consent_roster_inventory.TestInventory" name="test_hotel_admin_crud_with_tier_stars" time="0.245" /><testcase classname="backend.tests.test_iter9_consent_roster_inventory.TestQuoteRegression" name="test_quote_calc_premier_gold_double_4x3_transport" time="0.124" /><testcase classname="backend.tests.test_iter9_consent_roster_inventory.TestBookingsRemoved" name="test_bookings_list_404" time="0.105" /><testcase classname="backend.tests.test_iter9_consent_roster_inventory.TestBookingsRemoved" name="test_bookings_mine_404" time="0.110" /></testsuite></testsuites>