<?xml version="1.0" encoding="utf-8"?><testsuites name="pytest tests"><testsuite name="pytest" errors="0" failures="0" skipped="0" tests="20" time="3.938" timestamp="2026-04-28T00:07:07.312112+00:00" hostname="agent-env-46b7e5ff-bded-4991-8144-4f8982d0530e"><testcase classname="backend.tests.test_new_features.TestCategories" name="test_list_categories" time="0.702" /><testcase classname="backend.tests.test_new_features.TestRegisterTeam" name="test_register_team_creates_user_and_team" time="0.553" /><testcase classname="backend.tests.test_new_features.TestRegisterTeam" name="test_register_team_invalid_category" time="0.117" /><testcase classname="backend.tests.test_new_features.TestRegisterTeam" name="test_register_team_duplicate_email" time="0.159" /><testcase classname="backend.tests.test_new_features.TestRegisterTeam" name="test_admin_me_team_id_null" time="0.050" /><testcase classname="backend.tests.test_new_features.TestTeamPermissions" name="test_team_manager_can_edit_own_team" time="0.056" /><testcase classname="backend.tests.test_new_features.TestTeamPermissions" name="test_team_manager_cannot_edit_other_team" time="0.450" /><testcase classname="backend.tests.test_new_features.TestTeamPermissions" name="test_admin_create_team_invalid_category" time="0.048" /><testcase classname="backend.tests.test_new_features.TestTeamPermissions" name="test_admin_create_team_valid_category" time="0.048" /><testcase classname="backend.tests.test_new_features.TestPlayerPermissions" name="test_team_can_create_own_player" time="0.051" /><testcase classname="backend.tests.test_new_features.TestPlayerPermissions" name="test_team_cannot_create_player_for_other_team" time="0.052" /><testcase classname="backend.tests.test_new_features.TestPlayerPermissions" name="test_team_can_update_own_player" time="0.051" /><testcase classname="backend.tests.test_new_features.TestPlayerPermissions" name="test_team_cannot_update_other_teams_player" time="0.167" /><testcase classname="backend.tests.test_new_features.TestPlayerPermissions" name="test_team_can_delete_own_player" time="0.234" /><testcase classname="backend.tests.test_new_features.TestInventoryAdminOnly" name="test_team_cannot_create_hotel" time="0.060" /><testcase classname="backend.tests.test_new_features.TestInventoryAdminOnly" name="test_team_cannot_create_transport" time="0.059" /><testcase classname="backend.tests.test_new_features.TestInventoryAdminOnly" name="test_team_cannot_create_tour" time="0.070" /><testcase classname="backend.tests.test_new_features.TestUpload" name="test_upload_requires_auth" time="0.114" /><testcase classname="backend.tests.test_new_features.TestUpload" name="test_upload_rejects_non_image" time="0.051" /><testcase classname="backend.tests.test_new_features.TestUpload" name="test_upload_and_serve_image" time="0.752" /></testsuite></testsuites>