<?xml version="1.0" encoding="utf-8"?><testsuites name="pytest tests"><testsuite name="pytest" errors="0" failures="0" skipped="0" tests="29" time="5.085" timestamp="2026-05-28T12:57:54.759389+00:00" hostname="agent-env-46b7e5ff-bded-4991-8144-4f8982d0530e"><testcase classname="backend.tests.test_iter14_tanda_f.TestHomeSettings" name="test_get_home_settings_public_returns_defaults_or_doc" time="0.125" /><testcase classname="backend.tests.test_iter14_tanda_f.TestHomeSettings" name="test_put_home_settings_requires_admin" time="0.114" /><testcase classname="backend.tests.test_iter14_tanda_f.TestHomeSettings" name="test_put_home_settings_admin_persists" time="0.481" /><testcase classname="backend.tests.test_iter14_tanda_f.TestGallery" name="test_get_gallery_public" time="0.153" /><testcase classname="backend.tests.test_iter14_tanda_f.TestGallery" name="test_post_gallery_requires_admin" time="0.122" /><testcase classname="backend.tests.test_iter14_tanda_f.TestGallery" name="test_post_gallery_empty_url_400" time="0.048" /><testcase classname="backend.tests.test_iter14_tanda_f.TestGallery" name="test_post_gallery_admin_creates" time="0.158" /><testcase classname="backend.tests.test_iter14_tanda_f.TestGallery" name="test_gallery_sorted_by_sort_order" time="0.287" /><testcase classname="backend.tests.test_iter14_tanda_f.TestGallery" name="test_put_gallery_updates" time="0.046" /><testcase classname="backend.tests.test_iter14_tanda_f.TestGallery" name="test_put_gallery_404" time="0.050" /><testcase classname="backend.tests.test_iter14_tanda_f.TestGallery" name="test_delete_gallery_requires_admin" time="0.113" /><testcase classname="backend.tests.test_iter14_tanda_f.TestGallery" name="test_delete_gallery_404" time="0.048" /><testcase classname="backend.tests.test_iter14_tanda_f.TestGallery" name="test_delete_gallery_ok" time="0.145" /><testcase classname="backend.tests.test_iter14_tanda_f.TestTournamentsBackfill" name="test_list_returns_defaults" time="0.108" /><testcase classname="backend.tests.test_iter14_tanda_f.TestTournamentsBackfill" name="test_put_featured_persists" time="0.254" /><testcase classname="backend.tests.test_iter14_tanda_f.TestQuotesExtraPax" name="test_calculate_extra_pax_breakdown_and_subtotal" time="0.106" /><testcase classname="backend.tests.test_iter14_tanda_f.TestQuotesExtraPax" name="test_calculate_extra_pax_zero_pax_or_nights_ignored" time="0.103" /><testcase classname="backend.tests.test_iter14_tanda_f.TestQuotesExtraPax" name="test_calculate_domicilio_extra_pax_zero" time="0.105" /><testcase classname="backend.tests.test_iter14_tanda_f.TestQuotesExtraPax" name="test_post_quote_persists_extra_pax_entries" time="0.687" /><testcase classname="backend.tests.test_iter14_tanda_f.TestQuoteUpdateAndDetail" name="test_get_quote_detail_requires_auth" time="0.158" /><testcase classname="backend.tests.test_iter14_tanda_f.TestQuoteUpdateAndDetail" name="test_get_quote_detail_404" time="0.051" /><testcase classname="backend.tests.test_iter14_tanda_f.TestQuoteUpdateAndDetail" name="test_get_quote_detail_any_authed_user" time="0.655" /><testcase classname="backend.tests.test_iter14_tanda_f.TestQuoteUpdateAndDetail" name="test_put_quote_owner_succeeds_status_back_to_pendiente" time="0.128" /><testcase classname="backend.tests.test_iter14_tanda_f.TestQuoteUpdateAndDetail" name="test_put_quote_other_user_403" time="0.048" /><testcase classname="backend.tests.test_iter14_tanda_f.TestQuoteUpdateAndDetail" name="test_put_quote_admin_can_edit" time="0.051" /><testcase classname="backend.tests.test_iter14_tanda_f.TestQuoteUpdateAndDetail" name="test_put_quote_404" time="0.053" /><testcase classname="backend.tests.test_iter14_tanda_f.TestQuoteUpdateAndDetail" name="test_put_quote_pagada_owner_blocked_admin_allowed" time="0.149" /><testcase classname="backend.tests.test_iter14_tanda_f.TestRegression" name="test_admin_login_works" time="0.383" /><testcase classname="backend.tests.test_iter14_tanda_f.TestRegression" name="test_tournaments_crud_still_works" time="0.049" /></testsuite></testsuites>