<?xml version="1.0" encoding="utf-8"?><testsuites name="pytest tests"><testsuite name="pytest" errors="0" failures="0" skipped="0" tests="13" time="6.413" timestamp="2026-06-22T02:58:34.140759+00:00" hostname="agent-env-46b7e5ff-bded-4991-8144-4f8982d0530e"><testcase classname="tests.test_iter27_fixture_module.TestVenuesCRUD" name="test_list_venues_public" time="0.210" /><testcase classname="tests.test_iter27_fixture_module.TestVenuesCRUD" name="test_create_venue_no_auth_forbidden" time="0.049" /><testcase classname="tests.test_iter27_fixture_module.TestVenuesCRUD" name="test_venue_crud_full" time="0.575" /><testcase classname="tests.test_iter27_fixture_module.TestFixtureGenerateValidation" name="test_generate_without_tournament_id_400" time="0.176" /><testcase classname="tests.test_iter27_fixture_module.TestFixtureGenerateValidation" name="test_generate_on_archived_tournament_400" time="0.130" /><testcase classname="tests.test_iter27_fixture_module.TestRoundsMultiplier" name="test_rounds_2_doubles_matchdays" time="0.094" /><testcase classname="tests.test_iter27_fixture_module.TestResultsAndStandings" name="test_cards_other_type_persists_and_standings_orders_correctly" time="0.241" /><testcase classname="tests.test_iter27_fixture_module.TestPdfEndpoints" name="test_fixture_pdf_admin" time="1.624" /><testcase classname="tests.test_iter27_fixture_module.TestPdfEndpoints" name="test_standings_pdf_admin" time="1.308" /><testcase classname="tests.test_iter27_fixture_module.TestPdfEndpoints" name="test_fairplay_pdf_admin" time="1.322" /><testcase classname="tests.test_iter27_fixture_module.TestPdfEndpoints" name="test_fixture_pdf_unauthenticated" time="0.047" /><testcase classname="tests.test_iter27_fixture_module.TestPdfEndpoints" name="test_standings_pdf_unauthenticated" time="0.043" /><testcase classname="tests.test_iter27_fixture_module.TestPdfEndpoints" name="test_fairplay_pdf_unauthenticated" time="0.493" /></testsuite></testsuites>