<?xml version="1.0" encoding="utf-8"?><testsuites name="pytest tests"><testsuite name="pytest" errors="0" failures="0" skipped="0" tests="84" time="19.746" timestamp="2026-04-30T02:04:50.454144+00:00" hostname="agent-env-46b7e5ff-bded-4991-8144-4f8982d0530e"><testcase classname="backend.tests.backend_test.TestHealth" name="test_root" time="0.599" /><testcase classname="backend.tests.backend_test.TestAuth" name="test_me_without_cookies_returns_401" time="0.111" /><testcase classname="backend.tests.backend_test.TestAuth" name="test_admin_login_sets_cookies" time="0.335" /><testcase classname="backend.tests.backend_test.TestAuth" name="test_me_with_cookies" time="0.051" /><testcase classname="backend.tests.backend_test.TestAuth" name="test_invalid_login" time="0.335" /><testcase classname="backend.tests.backend_test.TestAuth" name="test_register_duplicate_fails" time="0.515" /><testcase classname="backend.tests.backend_test.TestAuth" name="test_family_me" time="0.055" /><testcase classname="backend.tests.backend_test.TestTeamsPlayers" name="test_public_teams_list" time="0.115" /><testcase classname="backend.tests.backend_test.TestTeamsPlayers" name="test_non_admin_cannot_create_team" time="0.058" /><testcase classname="backend.tests.backend_test.TestTeamsPlayers" name="test_admin_create_team" time="0.174" /><testcase classname="backend.tests.backend_test.TestTeamsPlayers" name="test_update_team" time="0.053" /><testcase classname="backend.tests.backend_test.TestTeamsPlayers" name="test_admin_create_player" time="0.216" /><testcase classname="backend.tests.backend_test.TestTeamsPlayers" name="test_list_players_by_team" time="0.147" /><testcase classname="backend.tests.backend_test.TestTeamsPlayers" name="test_create_player_invalid_team" time="0.052" /><testcase classname="backend.tests.backend_test.TestMatchesStats" name="test_create_match" time="0.196" /><testcase classname="backend.tests.backend_test.TestMatchesStats" name="test_list_matches_enriched" time="0.102" /><testcase classname="backend.tests.backend_test.TestMatchesStats" name="test_update_result_and_standings" time="0.299" /><testcase classname="backend.tests.backend_test.TestInventoryBookings" name="test_seeded_hotels" time="0.109" /><testcase classname="backend.tests.backend_test.TestInventoryBookings" name="test_seeded_transports_tours" time="0.226" /><testcase classname="backend.tests.backend_test.TestInventoryBookings" name="test_admin_hotel_crud" time="0.102" /><testcase classname="backend.tests.backend_test.TestInventoryBookings" name="test_family_create_booking" time="0.055" /><testcase classname="backend.tests.backend_test.TestInventoryBookings" name="test_my_bookings" time="0.055" /><testcase classname="backend.tests.backend_test.TestInventoryBookings" name="test_family_cannot_list_all_bookings" time="0.056" /><testcase classname="backend.tests.backend_test.TestInventoryBookings" name="test_admin_list_and_update_booking" time="0.105" /><testcase classname="backend.tests.test_iter3_fixtures.TestTeamFields" name="test_create_team_with_birth_year_and_group" time="0.532" /><testcase classname="backend.tests.test_iter3_fixtures.TestStandingsFairPlay" name="test_standings_includes_fair_play" time="0.660" /><testcase classname="backend.tests.test_iter3_fixtures.TestStandingsFairPlay" name="test_standings_group_filter" time="0.109" /><testcase classname="backend.tests.test_iter3_fixtures.TestStandingsFairPlay" name="test_standings_tiebreaker_order" time="0.118" /><testcase classname="backend.tests.test_iter3_fixtures.TestFixtureGenerate" name="test_preview_4_teams" time="0.454" /><testcase classname="backend.tests.test_iter3_fixtures.TestFixtureGenerate" name="test_preview_5_teams_byes" time="0.333" /><testcase classname="backend.tests.test_iter3_fixtures.TestFixtureGenerate" name="test_save_persists_and_updates_teams" time="1.451" /><testcase classname="backend.tests.test_iter3_fixtures.TestFixtureGenerate" name="test_invalid_category" time="0.071" /><testcase classname="backend.tests.test_iter3_fixtures.TestFixtureGenerate" name="test_less_than_two_teams" time="0.056" /><testcase classname="backend.tests.test_iter3_fixtures.TestFixtureGenerate" name="test_venues_and_slots_distributed" time="0.069" /><testcase classname="backend.tests.test_iter3_fixtures.TestFixtureGenerate" name="test_admin_required" time="1.538" /><testcase classname="backend.tests.test_iter4_approvals.TestTeamApproval" name="test_register_team_status_pendiente" time="1.144" /><testcase classname="backend.tests.test_iter4_approvals.TestTeamApproval" name="test_admin_created_team_status_aprobado" time="0.266" /><testcase classname="backend.tests.test_iter4_approvals.TestTeamApproval" name="test_public_list_excludes_pendiente" time="0.127" /><testcase classname="backend.tests.test_iter4_approvals.TestTeamApproval" name="test_admin_filter_status_pendiente" time="0.063" /><testcase classname="backend.tests.test_iter4_approvals.TestTeamApproval" name="test_set_team_status_aprobado" time="0.242" /><testcase classname="backend.tests.test_iter4_approvals.TestTeamApproval" name="test_set_team_status_rechazado" time="0.562" /><testcase classname="backend.tests.test_iter4_approvals.TestTeamApproval" name="test_set_team_status_invalid" time="0.052" /><testcase classname="backend.tests.test_iter4_approvals.TestPlayerApproval" name="test_team_added_player_status_pendiente" time="0.292" /><testcase classname="backend.tests.test_iter4_approvals.TestPlayerApproval" name="test_admin_added_player_status_aprobado" time="0.216" /><testcase classname="backend.tests.test_iter4_approvals.TestPlayerApproval" name="test_admin_filter_pending_players" time="0.047" /><testcase classname="backend.tests.test_iter4_approvals.TestPlayerApproval" name="test_set_player_status_aprobado" time="0.155" /><testcase classname="backend.tests.test_iter4_approvals.TestPlayerApproval" name="test_non_admin_cannot_change_player_status" time="0.056" /><testcase classname="backend.tests.test_iter4_approvals.TestPlayerApproval" name="test_invalid_player_status" time="0.058" /><testcase classname="backend.tests.test_iter4_approvals.TestTeamExtendedFields" name="test_team_extended_fields_persisted" time="0.180" /><testcase classname="backend.tests.test_iter4_approvals.TestMatchCardsAndDiscipline" name="test_result_with_cards_persisted" time="0.333" /><testcase classname="backend.tests.test_iter4_approvals.TestMatchCardsAndDiscipline" name="test_discipline_stats" time="0.732" /><testcase classname="backend.tests.test_iter5_bulk_import.TestSimonGuzmanAdmin" name="test_simon_guzman_user_exists_with_admin_role" time="0.349" /><testcase classname="backend.tests.test_iter5_bulk_import.TestTemplates" name="test_template_teams_csv" time="0.055" /><testcase classname="backend.tests.test_iter5_bulk_import.TestTemplates" name="test_template_players_csv" time="0.044" /><testcase classname="backend.tests.test_iter5_bulk_import.TestTemplates" name="test_template_invalid_kind" time="0.049" /><testcase classname="backend.tests.test_iter5_bulk_import.TestTemplates" name="test_template_requires_admin" time="0.108" /><testcase classname="backend.tests.test_iter5_bulk_import.TestImportTeams" name="test_import_teams_preview_no_db_writes" time="0.109" /><testcase classname="backend.tests.test_iter5_bulk_import.TestImportTeams" name="test_import_teams_persist" time="0.143" /><testcase classname="backend.tests.test_iter5_bulk_import.TestImportTeams" name="test_import_teams_invalid_category_partial" time="0.046" /><testcase classname="backend.tests.test_iter5_bulk_import.TestImportTeams" name="test_import_teams_xlsx" time="0.115" /><testcase classname="backend.tests.test_iter5_bulk_import.TestImportTeams" name="test_import_teams_requires_admin" time="0.045" /><testcase classname="backend.tests.test_iter5_bulk_import.TestImportTeams" name="test_import_teams_oversize" time="0.280" /><testcase classname="backend.tests.test_iter5_bulk_import.TestImportPlayers" name="test_import_players_persists_extended_fields" time="0.263" /><testcase classname="backend.tests.test_iter5_bulk_import.TestImportPlayers" name="test_import_players_unknown_team_returns_error" time="0.389" /><testcase classname="backend.tests.test_new_features.TestCategories" name="test_list_categories" time="0.444" /><testcase classname="backend.tests.test_new_features.TestRegisterTeam" name="test_register_team_creates_user_and_team" time="0.504" /><testcase classname="backend.tests.test_new_features.TestRegisterTeam" name="test_register_team_invalid_category" time="0.109" /><testcase classname="backend.tests.test_new_features.TestRegisterTeam" name="test_register_team_duplicate_email" time="0.108" /><testcase classname="backend.tests.test_new_features.TestRegisterTeam" name="test_admin_me_team_id_null" time="0.047" /><testcase classname="backend.tests.test_new_features.TestTeamPermissions" name="test_team_manager_can_edit_own_team" time="0.058" /><testcase classname="backend.tests.test_new_features.TestTeamPermissions" name="test_team_manager_cannot_edit_other_team" time="0.404" /><testcase classname="backend.tests.test_new_features.TestTeamPermissions" name="test_admin_create_team_invalid_category" time="0.047" /><testcase classname="backend.tests.test_new_features.TestTeamPermissions" name="test_admin_create_team_valid_category" time="0.046" /><testcase classname="backend.tests.test_new_features.TestPlayerPermissions" name="test_team_can_create_own_player" time="0.062" /><testcase classname="backend.tests.test_new_features.TestPlayerPermissions" name="test_team_cannot_create_player_for_other_team" time="0.054" /><testcase classname="backend.tests.test_new_features.TestPlayerPermissions" name="test_team_can_update_own_player" time="0.057" /><testcase classname="backend.tests.test_new_features.TestPlayerPermissions" name="test_team_cannot_update_other_teams_player" time="0.151" /><testcase classname="backend.tests.test_new_features.TestPlayerPermissions" name="test_team_can_delete_own_player" time="0.173" /><testcase classname="backend.tests.test_new_features.TestInventoryAdminOnly" name="test_team_cannot_create_hotel" time="0.053" /><testcase classname="backend.tests.test_new_features.TestInventoryAdminOnly" name="test_team_cannot_create_transport" time="0.059" /><testcase classname="backend.tests.test_new_features.TestInventoryAdminOnly" name="test_team_cannot_create_tour" time="0.053" /><testcase classname="backend.tests.test_new_features.TestUpload" name="test_upload_requires_auth" time="0.143" /><testcase classname="backend.tests.test_new_features.TestUpload" name="test_upload_rejects_non_image" time="0.071" /><testcase classname="backend.tests.test_new_features.TestUpload" name="test_upload_and_serve_image" time="0.686" /></testsuite></testsuites>