<?xml version="1.0" encoding="utf-8"?><testsuites name="pytest tests"><testsuite name="pytest" errors="0" failures="0" skipped="0" tests="8" time="1.813" timestamp="2026-06-26T15:31:22.758977+00:00" hostname="agent-env-46b7e5ff-bded-4991-8144-4f8982d0530e"><testcase classname="backend.tests.test_iter40_delete_endpoints.TestDeleteClub" name="test_delete_club_cascade_admin" time="0.619" /><testcase classname="backend.tests.test_iter40_delete_endpoints.TestDeleteClub" name="test_delete_club_unauth_401" time="0.108" /><testcase classname="backend.tests.test_iter40_delete_endpoints.TestDeleteQuote" name="test_delete_quote_admin" time="0.313" /><testcase classname="backend.tests.test_iter40_delete_endpoints.TestDeleteQuote" name="test_delete_quote_unauth_401" time="0.115" /><testcase classname="backend.tests.test_iter40_delete_endpoints.TestDeletePayment" name="test_delete_payment_admin" time="0.276" /><testcase classname="backend.tests.test_iter40_delete_endpoints.TestDeletePayment" name="test_delete_payment_unauth_401" time="0.138" /><testcase classname="backend.tests.test_iter40_delete_endpoints.TestDeleteFixtureAuth" name="test_delete_fixture_unauth_401" time="0.107" /><testcase classname="backend.tests.test_iter40_delete_endpoints.TestDeleteFixtureAuth" name="test_delete_fixture_admin_404_for_unknown" time="0.062" /></testsuite></testsuites>