<?xml version="1.0" encoding="utf-8"?><testsuites name="pytest tests"><testsuite name="pytest" errors="0" failures="0" skipped="0" tests="5" time="1.323" timestamp="2026-06-25T15:54:39.854868+00:00" hostname="agent-env-46b7e5ff-bded-4991-8144-4f8982d0530e"><testcase classname="backend.tests.test_iter35_player_birth_validation.TestSubCategoryDerivation" name="test_sub12_2013_should_fail" time="0.529" /><testcase classname="backend.tests.test_iter35_player_birth_validation.TestSubCategoryDerivation" name="test_sub12_2014_should_succeed" time="0.107" /><testcase classname="backend.tests.test_iter35_player_birth_validation.TestSubCategoryDerivation" name="test_sub8_2017_should_fail" time="0.046" /><testcase classname="backend.tests.test_iter35_player_birth_validation.TestExplicitBirthYearPriority" name="test_explicit_birth_year_strict" time="0.048" /><testcase classname="backend.tests.test_iter35_player_birth_validation.TestPutValidation" name="test_put_with_invalid_year_fails" time="0.526" /></testsuite></testsuites>