<?xml version="1.0" encoding="utf-8"?><testsuites name="pytest tests"><testsuite name="pytest" errors="0" failures="1" skipped="1" tests="13" time="2.996" timestamp="2026-04-30T03:33:30.635595+00:00" hostname="agent-env-46b7e5ff-bded-4991-8144-4f8982d0530e"><testcase classname="backend.tests.test_iter8_regressions.TestCheckoutStatus404" name="test_bogus_session_id_returns_404_not_500" time="0.888" /><testcase classname="backend.tests.test_iter8_regressions.TestCheckoutStatus404" name="test_bogus_session_admin_also_404" time="0.575" /><testcase classname="backend.tests.test_iter8_regressions.TestCheckoutStatus404" name="test_checkout_status_unauth_401" time="0.159" /><testcase classname="backend.tests.test_iter8_regressions.TestBookingsRemoved" name="test_post_bookings_404" time="0.054" /><testcase classname="backend.tests.test_iter8_regressions.TestBookingsRemoved" name="test_get_bookings_404" time="0.052" /><testcase classname="backend.tests.test_iter8_regressions.TestBookingsRemoved" name="test_get_bookings_mine_404" time="0.059" /><testcase classname="backend.tests.test_iter8_regressions.TestBookingsRemoved" name="test_put_bookings_status_404" time="0.054" /><testcase classname="backend.tests.test_iter8_regressions.TestCheckoutQuotePagada" name="test_pagada_quote_rejects_new_session" time="0.222"><failure message="AssertionError: Solo cotizaciones aprobadas pueden pagarse&#10;assert 'ya fue pagada' in 'solo cotizaciones aprobadas pueden pagarse'&#10; +  where 'solo cotizaciones aprobadas pueden pagarse' = &lt;built-in method lower of str object at 0xff9b9a97fe10&gt;()&#10; +    where &lt;built-in method lower of str object at 0xff9b9a97fe10&gt; = 'Solo cotizaciones aprobadas pueden pagarse'.lower">backend/tests/test_iter8_regressions.py:142: in test_pagada_quote_rejects_new_session
    assert "ya fue pagada" in detail.lower(), detail
E   AssertionError: Solo cotizaciones aprobadas pueden pagarse
E   assert 'ya fue pagada' in 'solo cotizaciones aprobadas pueden pagarse'
E    +  where 'solo cotizaciones aprobadas pueden pagarse' = &lt;built-in method lower of str object at 0xff9b9a97fe10&gt;()
E    +    where &lt;built-in method lower of str object at 0xff9b9a97fe10&gt; = 'Solo cotizaciones aprobadas pueden pagarse'.lower</failure></testcase><testcase classname="backend.tests.test_iter8_regressions.TestSmokeIter7" name="test_event_types_cop_pricing" time="0.107" /><testcase classname="backend.tests.test_iter8_regressions.TestSmokeIter7" name="test_register_team_event_type_persisted" time="0.047" /><testcase classname="backend.tests.test_iter8_regressions.TestSmokeIter7" name="test_quote_calculate_premier_sub12_gold_double_4x3_transport" time="0.146" /><testcase classname="backend.tests.test_iter8_regressions.TestSmokeIter7" name="test_clubes_grouping_endpoint" time="0.104"><skipped type="pytest.skip" message="/api/clubes not exposed (grouping may be pure FE computation)">/app/backend/tests/test_iter8_regressions.py:191: /api/clubes not exposed (grouping may be pure FE computation)</skipped></testcase><testcase classname="backend.tests.test_iter8_regressions.TestSmokeIter7" name="test_stripe_registration_session_smoke" time="0.426" /></testsuite></testsuites>