<?xml version="1.0" encoding="utf-8"?><testsuites name="pytest tests"><testsuite name="pytest" errors="0" failures="0" skipped="0" tests="3" time="5.444" timestamp="2026-08-06T14:34:33.113953+00:00" hostname="agent-env-46b7e5ff-bded-4991-8144-4f8982d0530e"><testcase classname="tests.test_iter53_bonus_matches.TestBonusMatchesThreeTeams" name="test_3team_bonus_flow" time="1.933" /><testcase classname="tests.test_iter53_bonus_matches.TestBonusMatchesFourTeams" name="test_4team_bonus_max_one" time="1.997" /><testcase classname="tests.test_iter53_bonus_matches.TestBonusMatchesFiveTeams" name="test_5team_not_allowed" time="1.452" /></testsuite></testsuites>