<?xml version="1.0" encoding="utf-8"?><testsuites name="pytest tests"><testsuite name="pytest" errors="0" failures="0" skipped="0" tests="9" time="2.961" timestamp="2026-06-01T17:27:04.817051+00:00" hostname="agent-env-46b7e5ff-bded-4991-8144-4f8982d0530e"><testcase classname="backend.tests.test_iter20_free21_and_team_register.TestCatalogFree21Flag" name="test_create_lodging_with_free21_enabled" time="0.743" /><testcase classname="backend.tests.test_iter20_free21_and_team_register.TestQuoteFree21Math" name="test_pax_21_enabled" time="0.233" /><testcase classname="backend.tests.test_iter20_free21_and_team_register.TestQuoteFree21Math" name="test_pax_40_enabled" time="0.188" /><testcase classname="backend.tests.test_iter20_free21_and_team_register.TestQuoteFree21Math" name="test_pax_19_enabled" time="0.181" /><testcase classname="backend.tests.test_iter20_free21_and_team_register.TestQuoteFree21Math" name="test_free21_disabled" time="0.195" /><testcase classname="backend.tests.test_iter20_free21_and_team_register.TestQuoteFree21Math" name="test_extra_pax_not_affected" time="0.170" /><testcase classname="backend.tests.test_iter20_free21_and_team_register.TestQuoteLodgingTierStr" name="test_paquete_1_accepted" time="0.115" /><testcase classname="backend.tests.test_iter20_free21_and_team_register.TestRegisterTeamOptional" name="test_register_without_event_type" time="0.543" /><testcase classname="backend.tests.test_iter20_free21_and_team_register.TestRegisterTeamOptional" name="test_register_with_event_type_back_compat" time="0.510" /></testsuite></testsuites>