<?xml version="1.0" encoding="utf-8"?><testsuites name="pytest tests"><testsuite name="pytest" errors="0" failures="0" skipped="0" tests="23" time="2.257" timestamp="2026-05-30T18:54:22.521757+00:00" hostname="agent-env-46b7e5ff-bded-4991-8144-4f8982d0530e"><testcase classname="backend.tests.test_iter17_categories_eventtypes_meal_addon.TestPublicCategories" name="test_public_returns_string_list" time="0.204" /><testcase classname="backend.tests.test_iter17_categories_eventtypes_meal_addon.TestAdminCategoriesCRUD" name="test_list_seeds_six_defaults" time="0.401" /><testcase classname="backend.tests.test_iter17_categories_eventtypes_meal_addon.TestAdminCategoriesCRUD" name="test_create_and_persist" time="0.103" /><testcase classname="backend.tests.test_iter17_categories_eventtypes_meal_addon.TestAdminCategoriesCRUD" name="test_create_duplicate_rejected" time="0.147" /><testcase classname="backend.tests.test_iter17_categories_eventtypes_meal_addon.TestAdminCategoriesCRUD" name="test_update_persists" time="0.099" /><testcase classname="backend.tests.test_iter17_categories_eventtypes_meal_addon.TestAdminCategoriesCRUD" name="test_delete_persists" time="0.096" /><testcase classname="backend.tests.test_iter17_categories_eventtypes_meal_addon.TestAdminCategoriesCRUD" name="test_admin_requires_auth" time="0.136" /><testcase classname="backend.tests.test_iter17_categories_eventtypes_meal_addon.TestAdminEventTypesCRUD" name="test_list_seeds_defaults" time="0.048" /><testcase classname="backend.tests.test_iter17_categories_eventtypes_meal_addon.TestAdminEventTypesCRUD" name="test_create_event_type" time="0.049" /><testcase classname="backend.tests.test_iter17_categories_eventtypes_meal_addon.TestAdminEventTypesCRUD" name="test_update_event_type_fee" time="0.100" /><testcase classname="backend.tests.test_iter17_categories_eventtypes_meal_addon.TestAdminEventTypesCRUD" name="test_delete_event_type" time="0.100" /><testcase classname="backend.tests.test_iter17_categories_eventtypes_meal_addon.TestMealAddonCatalog" name="test_create_meal_addon_uppercases" time="0.050" /><testcase classname="backend.tests.test_iter17_categories_eventtypes_meal_addon.TestMealAddonCatalog" name="test_update_meal_addon_cost" time="0.104" /><testcase classname="backend.tests.test_iter17_categories_eventtypes_meal_addon.TestMealAddonCatalog" name="test_reject_invalid_meal_type" time="0.048" /><testcase classname="backend.tests.test_iter17_categories_eventtypes_meal_addon.TestMealAddonCatalog" name="test_cleanup" time="0.048" /><testcase classname="backend.tests.test_iter17_categories_eventtypes_meal_addon.TestTourWithDescription" name="test_create_tour_with_description" time="0.049" /><testcase classname="backend.tests.test_iter17_categories_eventtypes_meal_addon.TestTourWithDescription" name="test_update_tour_description" time="0.103" /><testcase classname="backend.tests.test_iter17_categories_eventtypes_meal_addon.TestTourWithDescription" name="test_cleanup" time="0.048" /><testcase classname="backend.tests.test_iter17_categories_eventtypes_meal_addon.TestTeamCustomCategory" name="test_create_team_custom_category" time="0.056" /><testcase classname="backend.tests.test_iter17_categories_eventtypes_meal_addon.TestTeamCustomCategory" name="test_empty_category_rejected" time="0.052" /><testcase classname="backend.tests.test_iter17_categories_eventtypes_meal_addon.TestTeamCustomCategory" name="test_cleanup" time="0.050" /><testcase classname="backend.tests.test_iter17_categories_eventtypes_meal_addon.TestLodgingRegression" name="test_create_lodging_with_classification" time="0.048" /><testcase classname="backend.tests.test_iter17_categories_eventtypes_meal_addon.TestLodgingRegression" name="test_cleanup" time="0.051" /></testsuite></testsuites>