<?xml version="1.0" encoding="utf-8"?><testsuites name="pytest tests"><testsuite name="pytest" errors="0" failures="1" skipped="0" tests="8" time="5.037" timestamp="2026-08-15T16:15:21.263874+00:00" hostname="agent-env-46b7e5ff-bded-4991-8144-4f8982d0530e"><testcase classname="backend.tests.test_iter45_hero_range" name="test_home_settings_has_new_fields" time="0.140" /><testcase classname="backend.tests.test_iter45_hero_range" name="test_dashboard_video_serves_200_with_accept_ranges" time="0.811" /><testcase classname="backend.tests.test_iter45_hero_range" name="test_cotizar_video_serves_200_with_accept_ranges" time="0.698" /><testcase classname="backend.tests.test_iter45_hero_range" name="test_dashboard_video_range_returns_206" time="0.970" /><testcase classname="backend.tests.test_iter45_hero_range" name="test_cotizar_video_range_returns_206" time="0.570" /><testcase classname="backend.tests.test_iter45_hero_range" name="test_video_range_mid_file" time="0.676"><failure message="AssertionError: assert 'bytes 15-1038/13721660' == 'bytes 15-1038/31'&#10;  &#10;  - bytes 15-1038/31&#10;  + bytes 15-1038/13721660&#10;  ?               + ++ +++">backend/tests/test_iter45_hero_range.py:75: in test_video_range_mid_file
    assert r.headers.get("content-range") == f"bytes {start}-{end}/{total}"
E   AssertionError: assert 'bytes 15-1038/13721660' == 'bytes 15-1038/31'
E     
E     - bytes 15-1038/31
E     + bytes 15-1038/13721660
E     ?               + ++ +++</failure></testcase><testcase classname="backend.tests.test_iter45_hero_range" name="test_faststart_moov_at_start" time="0.667" /><testcase classname="backend.tests.test_iter45_hero_range" name="test_cotizar_summary_bg_image_serves" time="0.412" /></testsuite></testsuites>