<?xml version="1.0" encoding="utf-8"?><testsuites name="pytest tests"><testsuite name="pytest" errors="0" failures="0" skipped="0" tests="6" time="4.863" timestamp="2026-08-13T19:33:12.358376+00:00" hostname="agent-env-46b7e5ff-bded-4991-8144-4f8982d0530e"><testcase classname="backend.tests.test_upload_eventos.TestUploadAuth" name="test_upload_requires_auth" time="0.218" /><testcase classname="backend.tests.test_upload_eventos.TestUploadVideo" name="test_upload_valid_mp4_accepted" time="1.288" /><testcase classname="backend.tests.test_upload_eventos.TestUploadVideo" name="test_upload_video_over_30mb_rejected" time="2.207" /><testcase classname="backend.tests.test_upload_eventos.TestUploadVideo" name="test_upload_unsupported_extension_rejected" time="0.065" /><testcase classname="backend.tests.test_upload_eventos.TestUploadImageRegression" name="test_upload_valid_jpg_accepted" time="0.313" /><testcase classname="backend.tests.test_upload_eventos.TestUploadImageRegression" name="test_upload_image_over_5mb_rejected" time="0.706" /></testsuite></testsuites>