<?xml version="1.0" encoding="utf-8"?><testsuites name="pytest tests"><testsuite name="pytest" errors="0" failures="0" skipped="0" tests="24" time="4.263" timestamp="2026-04-27T23:36:01.057834+00:00" hostname="agent-env-46b7e5ff-bded-4991-8144-4f8982d0530e"><testcase classname="backend.tests.backend_test.TestHealth" name="test_root" time="0.486" /><testcase classname="backend.tests.backend_test.TestAuth" name="test_me_without_cookies_returns_401" time="0.149" /><testcase classname="backend.tests.backend_test.TestAuth" name="test_admin_login_sets_cookies" time="0.340" /><testcase classname="backend.tests.backend_test.TestAuth" name="test_me_with_cookies" time="0.051" /><testcase classname="backend.tests.backend_test.TestAuth" name="test_invalid_login" time="0.349" /><testcase classname="backend.tests.backend_test.TestAuth" name="test_register_duplicate_fails" time="0.438" /><testcase classname="backend.tests.backend_test.TestAuth" name="test_family_me" time="0.060" /><testcase classname="backend.tests.backend_test.TestTeamsPlayers" name="test_public_teams_list" time="0.109" /><testcase classname="backend.tests.backend_test.TestTeamsPlayers" name="test_non_admin_cannot_create_team" time="0.051" /><testcase classname="backend.tests.backend_test.TestTeamsPlayers" name="test_admin_create_team" time="0.175" /><testcase classname="backend.tests.backend_test.TestTeamsPlayers" name="test_update_team" time="0.049" /><testcase classname="backend.tests.backend_test.TestTeamsPlayers" name="test_admin_create_player" time="0.192" /><testcase classname="backend.tests.backend_test.TestTeamsPlayers" name="test_list_players_by_team" time="0.110" /><testcase classname="backend.tests.backend_test.TestTeamsPlayers" name="test_create_player_invalid_team" time="0.050" /><testcase classname="backend.tests.backend_test.TestMatchesStats" name="test_create_match" time="0.196" /><testcase classname="backend.tests.backend_test.TestMatchesStats" name="test_list_matches_enriched" time="0.111" /><testcase classname="backend.tests.backend_test.TestMatchesStats" name="test_update_result_and_standings" time="0.274" /><testcase classname="backend.tests.backend_test.TestInventoryBookings" name="test_seeded_hotels" time="0.116" /><testcase classname="backend.tests.backend_test.TestInventoryBookings" name="test_seeded_transports_tours" time="0.219" /><testcase classname="backend.tests.backend_test.TestInventoryBookings" name="test_admin_hotel_crud" time="0.096" /><testcase classname="backend.tests.backend_test.TestInventoryBookings" name="test_family_create_booking" time="0.051" /><testcase classname="backend.tests.backend_test.TestInventoryBookings" name="test_my_bookings" time="0.048" /><testcase classname="backend.tests.backend_test.TestInventoryBookings" name="test_family_cannot_list_all_bookings" time="0.047" /><testcase classname="backend.tests.backend_test.TestInventoryBookings" name="test_admin_list_and_update_booking" time="0.395" /></testsuite></testsuites>